<?xml version="1.0" encoding="UTF-8"?>
<!-- Generated by org.testng.reporters.JUnitReportReporter -->
<testsuite hostname="WKWZTVWTFLl0Qj5" failures="0" tests="2" name="Day3.MyFirstTestNGTest2Test" time="0.009" errors="0" timestamp="2022-11-22T19:10:05 IST" skipped="0">
  <testcase classname="Day3.MyFirstTestNGTest2Test" name="login" time="0.009"/>
  <system-out/>
  <testcase classname="Day3.MyFirstTestNGTest2Test" name="create" time="0.000"/>
  <system-out/>
</testsuite> <!-- Day3.MyFirstTestNGTest2Test -->
