<?xml version="1.0" encoding="UTF-8"?>
<!-- Generated by org.testng.reporters.JUnitReportReporter -->
<testsuite hostname="WKWZTVWTFLl0Qj5" failures="0" tests="1" name="Day4.TestData1" time="0.454" errors="0" timestamp="2022-11-23T12:19:17 IST" skipped="0">
  <testcase classname="Day4.TestData1" name="TestData" time="0.454"/>
  <system-out/>
</testsuite> <!-- Day4.TestData1 -->
