<?xml version="1.0" encoding="UTF-8"?>
<!-- Generated by org.testng.reporters.JUnitReportReporter -->
<testsuite hostname="WKWZTVWTFLl0Qj5" failures="0" tests="1" name="Day3.TestNgDemo" time="6.035" errors="0" timestamp="2022-11-22T19:10:05 IST" skipped="0">
  <testcase classname="Day3.TestNgDemo" name="testGoogle" time="6.035"/>
  <system-out/>
</testsuite> <!-- Day3.TestNgDemo -->
