<?xml version="1.0" encoding="UTF-8"?>
<!-- Generated by org.testng.reporters.JUnitReportReporter -->
<testsuite hostname="WKWZTVWTFLl0Qj5" failures="0" tests="1" name="Day4.DDTEx" time="0.000" errors="0" timestamp="2022-11-23T12:18:49 IST" skipped="1">
  <testcase classname="Day4.DDTEx" name="myTest" time="0.000">
    <skipped/>
  </testcase> <!-- myTest -->
  <system-out/>
</testsuite> <!-- Day4.DDTEx -->
